\BOOKMARK [1][-]{section.1}{September 13, 2016}{}% 1
\BOOKMARK [2][-]{subsection.1.1}{Introduction}{section.1}% 2
\BOOKMARK [2][-]{subsection.1.2}{In Class Demonstration 1}{section.1}% 3
\BOOKMARK [1][-]{section.2}{September 15, 2016}{}% 4
\BOOKMARK [2][-]{subsection.2.1}{Rate of Reactions}{section.2}% 5
\BOOKMARK [1][-]{section.3}{September 19, 2016}{}% 6
\BOOKMARK [2][-]{subsection.3.1}{Rates}{section.3}% 7
\BOOKMARK [2][-]{subsection.3.2}{Arrhenius Equation}{section.3}% 8
\BOOKMARK [2][-]{subsection.3.3}{Change in Rate}{section.3}% 9
\BOOKMARK [1][-]{section.4}{September 22, 2016}{}% 10
\BOOKMARK [2][-]{subsection.4.1}{Change in Rates Cont'd}{section.4}% 11
\BOOKMARK [2][-]{subsection.4.2}{Integrated Rate Laws}{section.4}% 12
\BOOKMARK [1][-]{section.5}{September 27, 2016}{}% 13
\BOOKMARK [2][-]{subsection.5.1}{Differential and Integrated Rate Laws}{section.5}% 14
\BOOKMARK [1][-]{section.6}{September 29, 2016}{}% 15
\BOOKMARK [2][-]{subsection.6.1}{Mechanisms}{section.6}% 16
\BOOKMARK [2][-]{subsection.6.2}{Reaction Energy}{section.6}% 17
\BOOKMARK [2][-]{subsection.6.3}{In Class Demonstration 2}{section.6}% 18
\BOOKMARK [1][-]{section.7}{October 4, 2016}{}% 19
\BOOKMARK [2][-]{subsection.7.1}{Factors on Reaction Speed}{section.7}% 20
\BOOKMARK [2][-]{subsection.7.2}{Half-Life of Reaction}{section.7}% 21
\BOOKMARK [2][-]{subsection.7.3}{Extent of a Reaction}{section.7}% 22
\BOOKMARK [1][-]{section.8}{October 6, 2016}{}% 23
\BOOKMARK [2][-]{subsection.8.1}{Equilibria}{section.8}% 24
\BOOKMARK [1][-]{section.9}{October 11, 2016}{}% 25
\BOOKMARK [2][-]{subsection.9.1}{ICE Tables}{section.9}% 26
\BOOKMARK [2][-]{subsection.9.2}{Changing Equilibria}{section.9}% 27
\BOOKMARK [1][-]{section.10}{October 13, 2016}{}% 28
\BOOKMARK [2][-]{subsection.10.1}{Acids and Bases}{section.10}% 29
\BOOKMARK [1][-]{section.11}{October 18, 2016}{}% 30
\BOOKMARK [2][-]{subsection.11.1}{Acid Base Equilibrium}{section.11}% 31
\BOOKMARK [1][-]{section.12}{October 20, 2016}{}% 32
\BOOKMARK [2][-]{subsection.12.1}{Auto-ionization of Water}{section.12}% 33
\BOOKMARK [2][-]{subsection.12.2}{Buffers}{section.12}% 34
\BOOKMARK [1][-]{section.13}{October 25, 3016}{}% 35
\BOOKMARK [2][-]{subsection.13.1}{Buffers}{section.13}% 36
\BOOKMARK [1][-]{section.14}{October 27, 2016}{}% 37
\BOOKMARK [2][-]{subsection.14.1}{Buffer Ranges}{section.14}% 38
\BOOKMARK [1][-]{section.15}{November 1, 2016}{}% 39
\BOOKMARK [2][-]{subsection.15.1}{Affecting Solubility}{section.15}% 40
\BOOKMARK [2][-]{subsection.15.2}{Experiment 3}{section.15}% 41
\BOOKMARK [2][-]{subsection.15.3}{Voltaic Cells}{section.15}% 42
\BOOKMARK [1][-]{section.16}{November 3, 2016}{}% 43
\BOOKMARK [2][-]{subsection.16.1}{Voltaic Cells Cont'd}{section.16}% 44
\BOOKMARK [1][-]{section.17}{November 8, 2016}{}% 45
\BOOKMARK [2][-]{subsection.17.1}{Voltaic Cells Cont'd}{section.17}% 46
\BOOKMARK [1][-]{section.18}{November 15, 2016}{}% 47
\BOOKMARK [2][-]{subsection.18.1}{Electrolytic Cells}{section.18}% 48
\BOOKMARK [1][-]{section.19}{November 24, 2016}{}% 49
\BOOKMARK [2][-]{subsection.19.1}{Atomic Bond Cont'd}{section.19}% 50
\BOOKMARK [1][-]{section.20}{Paragraph}{}% 51
\BOOKMARK [1][-]{section.21}{Math}{}% 52
\BOOKMARK [2][-]{subsection.21.1}{Using alignment}{section.21}% 53
\BOOKMARK [1][-]{section.22}{Shortcuts}{}% 54
\BOOKMARK [1][-]{section.23}{Theorems and Proofs}{}% 55
\BOOKMARK [1][-]{section.24}{Referencing}{}% 56
\BOOKMARK [1][-]{section.25}{Numbered and Bulleted Lists}{}% 57
